INFO:django.utils.autoreload:C:\Users\User\PycharmProjects\Django\myproject\myproject\settings.py changed, reloading.
INFO:root:Посещена главная страница
INFO:django.server:"GET / HTTP/1.1" 200 388
WARNING:django.request:Not Found: /favicon.ico
WARNING:django.server:"GET /favicon.ico HTTP/1.1" 404 2441
INFO:django.server:"GET /admin HTTP/1.1" 301 0
INFO:django.server:"GET /admin/ HTTP/1.1" 302 0
INFO:django.server:"GET /admin/login/?next=/admin/ HTTP/1.1" 200 4158
INFO:django.server:"GET /static/admin/css/base.css HTTP/1.1" 200 21544
INFO:django.server:"GET /static/admin/js/nav_sidebar.js HTTP/1.1" 200 3063
INFO:django.server:"GET /static/admin/css/nav_sidebar.css HTTP/1.1" 200 2810
INFO:django.server:"GET /static/admin/css/login.css HTTP/1.1" 200 958
INFO:django.server:"GET /static/admin/css/dark_mode.css HTTP/1.1" 200 2682
INFO:django.server:"GET /static/admin/js/theme.js HTTP/1.1" 200 1943
INFO:django.server:"GET /static/admin/css/responsive.css HTTP/1.1" 200 17905
INFO:root:Посещена главная страница
INFO:django.server:"GET / HTTP/1.1" 200 388
INFO:django.server:"GET /myapp3 HTTP/1.1" 301 0
INFO:root:Посещена страница myapp3
INFO:django.server:"GET /myapp3/ HTTP/1.1" 200 337
INFO:root:Посещена главная страница
INFO:django.server:"GET / HTTP/1.1" 200 388
WARNING:django.request:Not Found: /myapp4
WARNING:django.server:"GET /myapp4 HTTP/1.1" 404 2640
WARNING:django.request:Not Found: /add
WARNING:django.server:"GET /add HTTP/1.1" 404 2631
WARNING:django.request:Not Found: /add
WARNING:django.server:"GET /add HTTP/1.1" 404 2631
INFO:django.server:"GET //myapp4/add HTTP/1.1" 301 0
INFO:django.server:"GET /myapp4/add/ HTTP/1.1" 200 767
INFO:root:Посещена главная страница
INFO:django.server:"GET / HTTP/1.1" 200 388
INFO:django.server:"GET /admin/ HTTP/1.1" 302 0
INFO:django.server:"GET /admin/login/?next=/admin/ HTTP/1.1" 200 4359
INFO:django.server:"GET /static/admin/css/base.css HTTP/1.1" 304 0
INFO:django.server:"GET /static/admin/css/dark_mode.css HTTP/1.1" 304 0
INFO:django.server:"GET /static/admin/css/nav_sidebar.css HTTP/1.1" 304 0
INFO:django.server:"GET /static/admin/css/login.css HTTP/1.1" 304 0
INFO:django.server:"GET /static/admin/js/theme.js HTTP/1.1" 304 0
INFO:django.server:"GET /static/admin/css/responsive.css HTTP/1.1" 304 0
INFO:django.server:"GET /static/admin/js/nav_sidebar.js HTTP/1.1" 304 0
INFO:root:Посещена главная страница
INFO:django.server:"GET / HTTP/1.1" 200 388
INFO:django.server:"GET /admin/ HTTP/1.1" 302 0
INFO:django.server:"GET /admin/login/?next=/admin/ HTTP/1.1" 200 4359
INFO:django.server:"POST /admin/login/?next=/admin/ HTTP/1.1" 302 0
INFO:django.server:"GET /admin/ HTTP/1.1" 200 8668
INFO:django.server:"GET /static/admin/css/dashboard.css HTTP/1.1" 200 441
INFO:django.server:"GET /static/admin/img/icon-addlink.svg HTTP/1.1" 200 331
INFO:django.server:"GET /static/admin/img/icon-changelink.svg HTTP/1.1" 200 380
INFO:root:Посещена главная страница
INFO:django.server:"GET / HTTP/1.1" 200 388
INFO:root:Посещена главная страница
INFO:django.server:"GET / HTTP/1.1" 200 388
INFO:django.utils.autoreload:C:\Users\User\PycharmProjects\Django\myproject\myproject\settings.py changed, reloading.
INFO:django.utils.autoreload:C:\Users\User\PycharmProjects\Django\myproject\myproject\settings.py changed, reloading.
INFO:root:Посещена главная страница
INFO:django.server:"GET / HTTP/1.1" 200 388
INFO:django.utils.autoreload:C:\Users\User\PycharmProjects\Django\myproject\myproject\settings.py changed, reloading.
INFO:root:Посещена главная страница
INFO:django.server:"GET / HTTP/1.1" 200 10159
INFO:django.server:"GET /static/debug_toolbar/css/toolbar.css HTTP/1.1" 200 12621
INFO:django.server:"GET /static/debug_toolbar/js/toolbar.js HTTP/1.1" 200 13578
INFO:django.server:"GET /static/debug_toolbar/css/print.css HTTP/1.1" 200 43
INFO:django.server:"GET /static/debug_toolbar/js/utils.js HTTP/1.1" 200 4527
INFO:django.utils.autoreload:C:\Users\User\PycharmProjects\Django\myproject\myproject\settings.py changed, reloading.
INFO:django.utils.autoreload:C:\Users\User\PycharmProjects\Django\myproject\myproject\settings.py changed, reloading.
