INFO 2024-03-11 18:45:14,162 autoreload 6608 14980 Watching for file changes with StatReloader
INFO 2024-03-11 18:46:55,735 autoreload 14464 16024 Watching for file changes with StatReloader
INFO 2024-03-11 18:47:57,867 autoreload 2232 13836 Watching for file changes with StatReloader
INFO 2024-03-11 18:47:59,570 basehttp 2232 17456 "GET / HTTP/1.1" 200 388
WARNING 2024-03-11 18:47:59,650 log 2232 17456 Not Found: /favicon.ico
WARNING 2024-03-11 18:47:59,651 basehttp 2232 17456 "GET /favicon.ico HTTP/1.1" 404 2441
INFO 2024-03-11 18:49:31,483 basehttp 2232 17456 "GET /admin HTTP/1.1" 301 0
INFO 2024-03-11 18:49:31,492 basehttp 2232 5552 "GET /admin/ HTTP/1.1" 302 0
INFO 2024-03-11 18:49:31,533 basehttp 2232 5552 "GET /admin/login/?next=/admin/ HTTP/1.1" 200 4158
INFO 2024-03-11 18:49:31,675 basehttp 2232 5552 "GET /static/admin/css/base.css HTTP/1.1" 200 21544
INFO 2024-03-11 18:49:31,694 basehttp 2232 5552 "GET /static/admin/js/nav_sidebar.js HTTP/1.1" 200 3063
INFO 2024-03-11 18:49:31,732 basehttp 2232 5472 "GET /static/admin/css/nav_sidebar.css HTTP/1.1" 200 2810
INFO 2024-03-11 18:49:31,736 basehttp 2232 9008 "GET /static/admin/css/login.css HTTP/1.1" 200 958
INFO 2024-03-11 18:49:31,757 basehttp 2232 11896 "GET /static/admin/css/dark_mode.css HTTP/1.1" 200 2682
INFO 2024-03-11 18:49:31,765 basehttp 2232 12760 "GET /static/admin/js/theme.js HTTP/1.1" 200 1943
INFO 2024-03-11 18:49:31,767 basehttp 2232 17736 "GET /static/admin/css/responsive.css HTTP/1.1" 200 17905
INFO 2024-03-11 18:55:25,131 autoreload 12208 13080 Watching for file changes with StatReloader
INFO 2024-03-11 18:56:31,495 autoreload 3204 4940 Watching for file changes with StatReloader
INFO 2024-03-11 18:59:09,401 autoreload 7008 6404 Watching for file changes with StatReloader
INFO 2024-03-11 19:02:24,849 autoreload 14368 6204 Watching for file changes with StatReloader
INFO 2024-03-11 19:04:06,946 autoreload 9472 4256 Watching for file changes with StatReloader
INFO 2024-03-11 19:10:31,971 autoreload 5792 8876 Watching for file changes with StatReloader
INFO 2024-03-11 19:18:22,570 autoreload 17416 10512 Watching for file changes with StatReloader
INFO 2024-03-11 19:18:30,960 basehttp 17416 1648 "GET / HTTP/1.1" 200 388
INFO 2024-03-11 19:18:46,114 basehttp 17416 1648 "GET /myapp3 HTTP/1.1" 301 0
INFO 2024-03-11 19:18:46,117 basehttp 17416 9888 "GET /myapp3/ HTTP/1.1" 200 337
INFO 2024-03-11 19:43:12,416 autoreload 7136 15432 Watching for file changes with StatReloader
INFO 2024-03-11 19:50:15,018 autoreload 8120 3312 Watching for file changes with StatReloader
INFO 2024-03-11 19:53:49,807 autoreload 14704 13688 Watching for file changes with StatReloader
INFO 2024-03-11 19:53:55,979 basehttp 14704 10836 "GET / HTTP/1.1" 200 388
WARNING 2024-03-11 19:54:11,767 log 14704 10836 Not Found: /myapp4
WARNING 2024-03-11 19:54:11,768 basehttp 14704 10836 "GET /myapp4 HTTP/1.1" 404 2640
WARNING 2024-03-11 19:55:40,540 log 14704 10836 Not Found: /add
WARNING 2024-03-11 19:55:40,541 basehttp 14704 10836 "GET /add HTTP/1.1" 404 2631
WARNING 2024-03-11 19:55:44,538 log 14704 10836 Not Found: /add
WARNING 2024-03-11 19:55:44,538 basehttp 14704 10836 "GET /add HTTP/1.1" 404 2631
INFO 2024-03-11 19:56:25,491 basehttp 14704 10836 "GET //myapp4/add HTTP/1.1" 301 0
INFO 2024-03-11 19:56:25,509 basehttp 14704 8096 "GET /myapp4/add/ HTTP/1.1" 200 767
INFO 2024-03-11 20:00:12,287 autoreload 8876 6480 Watching for file changes with StatReloader
INFO 2024-03-11 20:04:56,687 autoreload 15936 11448 Watching for file changes with StatReloader
INFO 2024-03-11 20:05:00,302 basehttp 15936 11108 "GET / HTTP/1.1" 200 388
INFO 2024-03-11 20:05:09,428 basehttp 15936 11108 "GET /admin/ HTTP/1.1" 302 0
INFO 2024-03-11 20:05:09,461 basehttp 15936 11108 "GET /admin/login/?next=/admin/ HTTP/1.1" 200 4359
INFO 2024-03-11 20:05:09,482 basehttp 15936 11108 "GET /static/admin/css/base.css HTTP/1.1" 304 0
INFO 2024-03-11 20:05:09,483 basehttp 15936 14108 "GET /static/admin/css/dark_mode.css HTTP/1.1" 304 0
INFO 2024-03-11 20:05:09,487 basehttp 15936 11108 "GET /static/admin/css/nav_sidebar.css HTTP/1.1" 304 0
INFO 2024-03-11 20:05:09,488 basehttp 15936 14108 "GET /static/admin/css/login.css HTTP/1.1" 304 0
INFO 2024-03-11 20:05:09,491 basehttp 15936 15048 "GET /static/admin/js/theme.js HTTP/1.1" 304 0
INFO 2024-03-11 20:05:09,491 basehttp 15936 14452 "GET /static/admin/css/responsive.css HTTP/1.1" 304 0
INFO 2024-03-11 20:05:09,493 basehttp 15936 10380 "GET /static/admin/js/nav_sidebar.js HTTP/1.1" 304 0
INFO 2024-03-11 20:10:24,917 autoreload 12284 7512 Watching for file changes with StatReloader
INFO 2024-03-11 20:10:26,470 basehttp 12284 16076 "GET / HTTP/1.1" 200 388
INFO 2024-03-11 20:10:35,420 basehttp 12284 16076 "GET /admin/ HTTP/1.1" 302 0
INFO 2024-03-11 20:10:35,453 basehttp 12284 16076 "GET /admin/login/?next=/admin/ HTTP/1.1" 200 4359
INFO 2024-03-11 20:11:26,792 basehttp 12284 16076 "POST /admin/login/?next=/admin/ HTTP/1.1" 302 0
INFO 2024-03-11 20:11:26,809 basehttp 12284 16076 "GET /admin/ HTTP/1.1" 200 8668
INFO 2024-03-11 20:11:26,892 basehttp 12284 16076 "GET /static/admin/css/dashboard.css HTTP/1.1" 200 441
INFO 2024-03-11 20:11:26,900 basehttp 12284 16076 "GET /static/admin/img/icon-addlink.svg HTTP/1.1" 200 331
INFO 2024-03-11 20:11:26,900 basehttp 12284 9240 "GET /static/admin/img/icon-changelink.svg HTTP/1.1" 200 380
